TN:
SF:src\server.js
FN:9,createApp
FN:26,(anonymous_1)
FN:31,(anonymous_2)
FN:38,startServer
FN:44,(anonymous_4)
FNF:5
FNH:1
FNDA:1,createApp
FNDA:0,(anonymous_1)
FNDA:0,(anonymous_2)
FNDA:0,startServer
FNDA:0,(anonymous_4)
DA:1,1
DA:2,1
DA:3,1
DA:5,1
DA:6,1
DA:7,1
DA:10,1
DA:12,1
DA:20,1
DA:21,1
DA:23,1
DA:24,1
DA:26,1
DA:27,0
DA:28,0
DA:31,1
DA:32,0
DA:35,1
DA:39,0
DA:41,0
DA:42,0
DA:44,0
DA:45,0
DA:55,1
DA:56,0
DA:59,1
LF:26
LH:17
BRDA:42,0,0,0
BRDA:42,0,1,0
BRDA:55,1,0,0
BRDA:55,1,1,1
BRF:4
BRH:1
end_of_record
TN:
SF:src\__tests__\testDb.js
FN:7,(anonymous_0)
FN:12,(anonymous_1)
FN:17,(anonymous_2)
FNF:3
FNH:3
FNDA:1,(anonymous_0)
FNDA:1,(anonymous_1)
FNDA:1,(anonymous_2)
DA:1,1
DA:2,1
DA:3,1
DA:5,1
DA:7,1
DA:8,1
DA:9,1
DA:12,1
DA:13,1
DA:14,1
DA:17,1
DA:18,1
DA:22,1
LF:13
LH:13
BRF:0
BRH:0
end_of_record
TN:
SF:src\controllers\productController.js
FN:3,(anonymous_0)
FN:6,(anonymous_1)
FN:17,(anonymous_2)
FN:21,(anonymous_3)
FN:30,(anonymous_4)
FN:34,(anonymous_5)
FN:53,(anonymous_6)
FN:60,(anonymous_7)
FN:75,(anonymous_8)
FN:82,(anonymous_9)
FN:95,(anonymous_10)
FN:103,(anonymous_11)
FNF:12
FNH:12
FNDA:3,(anonymous_0)
FNDA:3,(anonymous_1)
FNDA:1,(anonymous_2)
FNDA:1,(anonymous_3)
FNDA:1,(anonymous_4)
FNDA:1,(anonymous_5)
FNDA:3,(anonymous_6)
FNDA:3,(anonymous_7)
FNDA:3,(anonymous_8)
FNDA:3,(anonymous_9)
FNDA:3,(anonymous_10)
FNDA:3,(anonymous_11)
DA:1,2
DA:3,2
DA:4,3
DA:6,3
DA:7,3
DA:8,1
DA:9,1
DA:12,2
DA:14,2
DA:15,1
DA:17,1
DA:18,1
DA:22,1
DA:23,1
DA:25,1
DA:30,1
DA:31,1
DA:35,1
DA:36,1
DA:38,1
DA:43,1
DA:46,2
DA:53,2
DA:54,3
DA:55,3
DA:57,3
DA:61,3
DA:62,1
DA:63,1
DA:65,2
DA:75,2
DA:76,3
DA:77,3
DA:79,3
DA:83,3
DA:84,1
DA:85,1
DA:87,2
DA:95,2
DA:96,3
DA:97,3
DA:98,3
DA:100,3
DA:104,3
DA:105,0
DA:107,3
DA:108,2
DA:110,1
LF:48
LH:47
BRDA:7,0,0,1
BRDA:7,0,1,2
BRDA:22,1,0,1
BRDA:22,1,1,0
BRDA:35,2,0,1
BRDA:35,2,1,0
BRDA:61,3,0,1
BRDA:61,3,1,2
BRDA:83,4,0,1
BRDA:83,4,1,2
BRDA:104,5,0,0
BRDA:104,5,1,3
BRDA:107,6,0,2
BRDA:107,6,1,1
BRF:14
BRH:11
end_of_record
TN:
SF:src\controllers\userController.js
FN:5,(anonymous_0)
FN:15,(anonymous_1)
FN:30,(anonymous_2)
FN:35,(anonymous_3)
FN:59,(anonymous_4)
FN:62,(anonymous_5)
FN:71,(anonymous_6)
FN:74,(anonymous_7)
FNF:8
FNH:8
FNDA:1,(anonymous_0)
FNDA:1,(anonymous_1)
FNDA:1,(anonymous_2)
FNDA:1,(anonymous_3)
FNDA:1,(anonymous_4)
FNDA:1,(anonymous_5)
FNDA:1,(anonymous_6)
FNDA:1,(anonymous_7)
DA:1,2
DA:2,2
DA:3,2
DA:5,2
DA:6,1
DA:8,1
DA:10,1
DA:12,1
DA:16,1
DA:17,0
DA:18,0
DA:21,1
DA:25,1
DA:30,2
DA:31,1
DA:33,1
DA:35,1
DA:36,1
DA:37,1
DA:39,0
DA:40,0
DA:42,0
DA:46,0
DA:59,2
DA:60,1
DA:62,1
DA:63,1
DA:64,0
DA:65,0
DA:67,1
DA:71,2
DA:72,1
DA:74,1
DA:75,1
DA:77,1
DA:79,1
DA:80,3
DA:81,3
DA:82,3
DA:84,3
DA:85,3
DA:86,14
DA:88,3
DA:89,16
DA:92,3
DA:93,11
DA:94,47
DA:95,3
DA:97,44
DA:102,3
DA:103,3
DA:104,1
DA:109,1
LF:53
LH:45
BRDA:16,0,0,0
BRDA:16,0,1,1
BRDA:36,1,0,0
BRDA:36,1,1,1
BRDA:37,2,0,1
BRDA:37,2,1,0
BRDA:40,3,0,0
BRDA:40,3,1,0
BRDA:63,4,0,0
BRDA:63,4,1,1
BRDA:75,5,0,0
BRDA:75,5,1,1
BRDA:94,6,0,3
BRDA:94,6,1,44
BRDA:103,7,0,1
BRDA:103,7,1,2
BRF:16
BRH:9
end_of_record
TN:
SF:src\db\database.js
FN:7,(anonymous_0)
FN:9,(anonymous_1)
FN:14,(anonymous_2)
FN:26,(anonymous_3)
FN:53,(anonymous_4)
FN:60,(anonymous_5)
FN:61,(anonymous_6)
FN:67,(anonymous_7)
FNF:8
FNH:8
FNDA:1,(anonymous_0)
FNDA:2,(anonymous_1)
FNDA:1,(anonymous_2)
FNDA:1,(anonymous_3)
FNDA:3,(anonymous_4)
FNDA:2,(anonymous_5)
FNDA:2,(anonymous_6)
FNDA:1,(anonymous_7)
DA:1,1
DA:2,1
DA:3,1
DA:5,1
DA:7,1
DA:9,1
DA:10,2
DA:11,1
DA:14,1
DA:15,1
DA:16,1
DA:18,1
DA:19,0
DA:20,0
DA:22,0
DA:23,0
DA:26,1
DA:27,1
DA:28,0
DA:29,0
DA:30,0
DA:33,1
DA:35,1
DA:36,1
DA:37,1
DA:38,1
DA:40,0
DA:41,0
DA:46,0
DA:47,0
DA:53,1
DA:54,3
DA:55,0
DA:57,3
DA:60,1
DA:61,2
DA:62,2
DA:63,1
DA:64,1
DA:67,1
DA:68,1
DA:69,0
DA:70,0
DA:71,0
DA:73,1
DA:74,1
DA:79,1
LF:47
LH:32
BRDA:7,0,0,1
BRDA:7,0,1,0
BRDA:10,1,0,1
BRDA:10,1,1,1
BRDA:18,2,0,0
BRDA:18,2,1,1
BRDA:27,3,0,0
BRDA:27,3,1,1
BRDA:54,4,0,0
BRDA:54,4,1,3
BRDA:62,5,0,1
BRDA:62,5,1,1
BRDA:68,6,0,0
BRDA:68,6,1,1
BRF:14
BRH:9
end_of_record
TN:
SF:src\db\migrations\init.js
FN:1,(anonymous_0)
FN:2,(anonymous_1)
FN:3,(anonymous_2)
FN:15,(anonymous_3)
FN:32,(anonymous_4)
FN:40,(anonymous_5)
FN:56,(anonymous_6)
FN:65,(anonymous_7)
FN:79,(anonymous_8)
FN:83,(anonymous_9)
FNF:10
FNH:10
FNDA:1,(anonymous_0)
FNDA:1,(anonymous_1)
FNDA:1,(anonymous_2)
FNDA:1,(anonymous_3)
FNDA:1,(anonymous_4)
FNDA:1,(anonymous_5)
FNDA:1,(anonymous_6)
FNDA:1,(anonymous_7)
FNDA:3,(anonymous_8)
FNDA:3,(anonymous_9)
DA:1,1
DA:2,1
DA:3,1
DA:5,1
DA:16,1
DA:17,0
DA:18,0
DA:23,1
DA:33,1
DA:34,0
DA:35,0
DA:40,1
DA:41,1
DA:42,0
DA:43,0
DA:44,0
DA:47,1
DA:48,1
DA:49,1
DA:51,1
DA:57,1
DA:58,0
DA:59,0
DA:65,1
DA:66,1
DA:67,0
DA:68,0
DA:69,0
DA:72,1
DA:73,1
DA:79,1
DA:80,3
DA:84,3
DA:91,1
DA:96,1
LF:35
LH:23
BRDA:16,0,0,0
BRDA:16,0,1,1
BRDA:33,1,0,0
BRDA:33,1,1,1
BRDA:41,2,0,0
BRDA:41,2,1,1
BRDA:47,3,0,1
BRDA:47,3,1,0
BRDA:57,4,0,0
BRDA:57,4,1,1
BRDA:66,5,0,0
BRDA:66,5,1,1
BRDA:72,6,0,1
BRDA:72,6,1,0
BRDA:84,7,0,0
BRDA:84,7,1,3
BRF:16
BRH:8
end_of_record
TN:
SF:src\middleware\auth.js
FN:3,(anonymous_0)
FNF:1
FNH:1
FNDA:7,(anonymous_0)
DA:1,2
DA:3,2
DA:4,7
DA:6,7
DA:7,2
DA:10,5
DA:11,5
DA:16,4
DA:17,4
DA:19,1
DA:20,1
DA:24,2
LF:12
LH:12
BRDA:6,0,0,2
BRDA:6,0,1,5
BRF:2
BRH:2
end_of_record
TN:
SF:src\routes\productRoutes.js
FN:11,(anonymous_0)
FNF:1
FNH:0
FNDA:0,(anonymous_0)
DA:1,1
DA:2,1
DA:3,1
DA:4,1
DA:6,1
DA:7,1
DA:8,1
DA:9,1
DA:11,1
DA:12,0
DA:13,0
DA:16,1
LF:12
LH:10
BRF:0
BRH:0
end_of_record
TN:
SF:src\routes\userRoutes.js
FNF:0
FNH:0
DA:1,1
DA:2,1
DA:3,1
DA:4,1
DA:6,1
DA:7,1
DA:9,1
DA:10,1
DA:12,1
LF:9
LH:9
BRF:0
BRH:0
end_of_record
